<?xml version="1.0" encoding="UTF-8"?>
<!-- Generated by org.testng.reporters.JUnitReportReporter -->
<testsuite hostname="DESKTOP-MO03QBL" failures="0" tests="1" name="testCases.TC_005_AddNewOrder" time="12.642" errors="0" timestamp="2023-08-08T21:16:35 IST" skipped="0">
  <testcase classname="testCases.TC_005_AddNewOrder" name="addNewOrder_InFoundry" time="12.642"/>
</testsuite> <!-- testCases.TC_005_AddNewOrder -->
