<?xml version="1.0" encoding="UTF-8"?>
<!-- Generated by org.testng.reporters.JUnitReportReporter -->
<testsuite hostname="DESKTOP-MO03QBL" failures="0" tests="1" name="testCases.TC_005_AddNewOrder" time="13.069" errors="0" timestamp="2023-08-08T14:41:20 IST" skipped="0">
  <testcase classname="testCases.TC_005_AddNewOrder" name="addNewOrder_InFoundry" time="13.069"/>
</testsuite> <!-- testCases.TC_005_AddNewOrder -->
