<?xml version="1.0" encoding="UTF-8"?>
<!-- Generated by org.testng.reporters.JUnitReportReporter -->
<testsuite hostname="DESKTOP-MO03QBL" failures="0" tests="1" name="testCases.TC_006_AddNewProduct" time="15.545" errors="0" timestamp="2023-08-09T15:11:04 IST" skipped="0">
  <testcase classname="testCases.TC_006_AddNewProduct" name="addNewProduct_InFoundry" time="15.545"/>
</testsuite> <!-- testCases.TC_006_AddNewProduct -->
