<?xml version="1.0" encoding="UTF-8"?>
<!-- Generated by org.testng.reporters.JUnitReportReporter -->
<testsuite hostname="DESKTOP-MO03QBL" failures="0" tests="1" name="testCases.TC_006_AddNewProduct" time="31.022" errors="0" timestamp="2023-08-29T14:41:11 IST" skipped="0">
  <testcase classname="testCases.TC_006_AddNewProduct" name="addNewProduct_InFoundry" time="31.022"/>
</testsuite> <!-- testCases.TC_006_AddNewProduct -->
