<?xml version="1.0" encoding="UTF-8"?>
<!-- Generated by org.testng.reporters.JUnitReportReporter -->
<testsuite hostname="DESKTOP-MO03QBL" failures="0" tests="1" name="testCases.TC_007_CreateNewCustomer" time="14.002" errors="0" timestamp="2023-08-16T14:36:35 IST" skipped="0">
  <testcase classname="testCases.TC_007_CreateNewCustomer" name="createCustomerIn_foundry" time="14.002"/>
</testsuite> <!-- testCases.TC_007_CreateNewCustomer -->
