<?xml version="1.0" encoding="UTF-8"?>
<!-- Generated by org.testng.reporters.JUnitReportReporter -->
<testsuite hostname="DESKTOP-MO03QBL" failures="0" tests="1" name="testCases.TC_008_Customer_SlidePagination" time="7.508" errors="0" timestamp="2023-08-16T17:04:25 IST" skipped="0">
  <testcase classname="testCases.TC_008_Customer_SlidePagination" name="slidePagination" time="7.508"/>
</testsuite> <!-- testCases.TC_008_Customer_SlidePagination -->
