<?xml version="1.0" encoding="UTF-8"?>
<!-- Generated by org.testng.reporters.JUnitReportReporter -->
<testsuite hostname="DESKTOP-MO03QBL" failures="0" tests="1" name="testCases.TC_004_AddNewUser" time="12.559" errors="0" timestamp="2023-08-15T20:07:46 IST" skipped="0">
  <testcase classname="testCases.TC_004_AddNewUser" name="addNewUser_Infoundry" time="12.559"/>
</testsuite> <!-- testCases.TC_004_AddNewUser -->
