<?xml version="1.0" encoding="UTF-8"?>
<!-- Generated by org.testng.reporters.JUnitReportReporter -->
<testsuite hostname="DESKTOP-MO03QBL" failures="0" tests="1" name="testCases.TC_008_Customer_SlidePagination" time="17.039" errors="0" timestamp="2023-08-29T14:41:11 IST" skipped="0">
  <testcase classname="testCases.TC_008_Customer_SlidePagination" name="slidePagination" time="17.039"/>
</testsuite> <!-- testCases.TC_008_Customer_SlidePagination -->
